<?xml version="1.0" encoding="UTF-8"?>
<Site BuildName="(empty)"
	BuildStamp="20230722-1247-Experimental"
	Name="(empty)"
	Generator="ctest-3.25.1"
	CompilerName=""
	CompilerVersion=""
	OSName="Windows"
	Hostname="Shubham"
	OSRelease=" Personal"
	OSVersion=" (Build 22621)"
	OSPlatform="AMD64"
	Is64Bits="1"
	VendorString="GenuineIntel"
	VendorID="Intel Corporation"
	FamilyID="6"
	ModelID="14"
	ProcessorCacheSize="-1"
	NumberOfLogicalCPU="8"
	NumberOfPhysicalCPU="4"
	TotalVirtualMemory="11673"
	TotalPhysicalMemory="8089"
	LogicalProcessorsPerPhysical="2"
	ProcessorClockFrequency="1800"
	>
	<Testing>
		<StartDateTime>Jul 22 18:17 India Standard Time</StartDateTime>
		<StartTestTime>1690030072</StartTestTime>
		<TestList/>
		<EndDateTime>Jul 22 18:17 India Standard Time</EndDateTime>
		<EndTestTime>1690030072</EndTestTime>
		<ElapsedMinutes>0</ElapsedMinutes>
	</Testing>
</Site>
